<?xml version="1.0" encoding="UTF-8"?>
<testsuite xmlns:xsi="http://www.w3.org/2001/XMLSchema-instance" xsi:schemaLocation="https://maven.apache.org/surefire/maven-surefire-plugin/xsd/surefire-test-report.xsd" name="CucumberRunner" time="17.774" tests="15" errors="0" skipped="0" failures="0">
  <properties>
    <property name="idea.version" value="2017.1.5"/>
    <property name="java.runtime.name" value="Java(TM) SE Runtime Environment"/>
    <property name="sun.boot.library.path" value="E:\Program Files\Java\jdk1.8.0_111\jre\bin"/>
    <property name="java.vm.version" value="25.111-b14"/>
    <property name="java.vm.vendor" value="Oracle Corporation"/>
    <property name="maven.multiModuleProjectDirectory" value="C:\Users\K_PC-S\Desktop\java3M\SberCucumber"/>
    <property name="java.vendor.url" value="http://java.oracle.com/"/>
    <property name="path.separator" value=";"/>
    <property name="guice.disable.misplaced.annotation.check" value="true"/>
    <property name="java.vm.name" value="Java HotSpot(TM) 64-Bit Server VM"/>
    <property name="file.encoding.pkg" value="sun.io"/>
    <property name="user.script" value=""/>
    <property name="user.country" value="RU"/>
    <property name="sun.java.launcher" value="SUN_STANDARD"/>
    <property name="sun.os.patch.level" value="Service Pack 1"/>
    <property name="java.vm.specification.name" value="Java Virtual Machine Specification"/>
    <property name="user.dir" value="C:\Users\K_PC-S\Desktop\java3M\SberCucumber"/>
    <property name="java.runtime.version" value="1.8.0_111-b14"/>
    <property name="java.awt.graphicsenv" value="sun.awt.Win32GraphicsEnvironment"/>
    <property name="java.endorsed.dirs" value="E:\Program Files\Java\jdk1.8.0_111\jre\lib\endorsed"/>
    <property name="os.arch" value="amd64"/>
    <property name="java.io.tmpdir" value="C:\Users\K_PC-S\AppData\Local\Temp\"/>
    <property name="line.separator" value="&#10;"/>
    <property name="java.vm.specification.vendor" value="Oracle Corporation"/>
    <property name="user.variant" value=""/>
    <property name="os.name" value="Windows 7"/>
    <property name="classworlds.conf" value="E:\Program Files\JetBrains\IntelliJ IDEA Community Edition 2017.1.4\plugins\maven\lib\maven3\bin\m2.conf"/>
    <property name="sun.jnu.encoding" value="Cp1251"/>
    <property name="java.library.path" value="E:\Program Files\Java\jdk1.8.0_111\bin;C:\Windows\Sun\Java\bin;C:\Windows\system32;C:\Windows;C:\ProgramData\Oracle\Java\javapath;C:\Program Files (x86)\NVIDIA Corporation\PhysX\Common;C:\Program Files (x86)\Intel\iCLS Client\;C:\Program Files\Intel\iCLS Client\;C:\Windows\system32;C:\Windows;C:\Windows\System32\Wbem;C:\Windows\System32\WindowsPowerShell\v1.0\;C:\Program Files\Intel\Intel(R) Management Engine Components\DAL;C:\Program Files\Intel\Intel(R) Management Engine Components\IPT;C:\Program Files (x86)\Intel\Intel(R) Management Engine Components\DAL;C:\Program Files (x86)\Intel\Intel(R) Management Engine Components\IPT;E:\Program Files\Microsoft\Web Platform Installer\;E:\Program Files (x86)\Microsoft ASP.NET\ASP.NET Web Pages\v1.0\;E:\Program Files (x86)\Windows Kits\8.0\Windows Performance Toolkit\;E:\Program Files\Microsoft SQL Server\110\Tools\Binn\;C:\Program Files (x86)\Microsoft SQL Server\Client SDK\ODBC\110\Tools\Binn\;C:\Program Files (x86)\Microsoft SQL Server\120\Tools\Binn\;C:\Program Files (x86)\Microsoft SQL Server\120\DTS\Binn\;C:\Program Files (x86)\Microsoft SQL Server\120\Tools\Binn\ManagementStudio\.;E:\Program Files\Java\jdk1.8.0_111\bin.;E:\Program Files\maven\bin;E:\Program Files\Git\cmd;."/>
    <property name="java.specification.name" value="Java Platform API Specification"/>
    <property name="java.class.version" value="52.0"/>
    <property name="sun.management.compiler" value="HotSpot 64-Bit Tiered Compilers"/>
    <property name="os.version" value="6.1"/>
    <property name="user.home" value="C:\Users\K_PC-S"/>
    <property name="user.timezone" value="Europe/Moscow"/>
    <property name="java.awt.printerjob" value="sun.awt.windows.WPrinterJob"/>
    <property name="java.specification.version" value="1.8"/>
    <property name="file.encoding" value="UTF-8"/>
    <property name="user.name" value="K_PC-S"/>
    <property name="java.class.path" value="E:\Program Files\JetBrains\IntelliJ IDEA Community Edition 2017.1.4\plugins\maven\lib\maven3\boot\plexus-classworlds-2.5.2.jar;E:\Program Files\JetBrains\IntelliJ IDEA Community Edition 2017.1.4\lib\idea_rt.jar"/>
    <property name="java.vm.specification.version" value="1.8"/>
    <property name="sun.arch.data.model" value="64"/>
    <property name="java.home" value="E:\Program Files\Java\jdk1.8.0_111\jre"/>
    <property name="sun.java.command" value="org.codehaus.classworlds.Launcher -Didea.version=2017.1.5 clean -Denvironment=environment test site"/>
    <property name="java.specification.vendor" value="Oracle Corporation"/>
    <property name="user.language" value="ru"/>
    <property name="awt.toolkit" value="sun.awt.windows.WToolkit"/>
    <property name="java.vm.info" value="mixed mode"/>
    <property name="java.version" value="1.8.0_111"/>
    <property name="java.ext.dirs" value="E:\Program Files\Java\jdk1.8.0_111\jre\lib\ext;C:\Windows\Sun\Java\lib\ext"/>
    <property name="sun.boot.class.path" value="E:\Program Files\Java\jdk1.8.0_111\jre\lib\resources.jar;E:\Program Files\Java\jdk1.8.0_111\jre\lib\rt.jar;E:\Program Files\Java\jdk1.8.0_111\jre\lib\sunrsasign.jar;E:\Program Files\Java\jdk1.8.0_111\jre\lib\jsse.jar;E:\Program Files\Java\jdk1.8.0_111\jre\lib\jce.jar;E:\Program Files\Java\jdk1.8.0_111\jre\lib\charsets.jar;E:\Program Files\Java\jdk1.8.0_111\jre\lib\jfr.jar;E:\Program Files\Java\jdk1.8.0_111\jre\classes"/>
    <property name="java.vendor" value="Oracle Corporation"/>
    <property name="environment" value="environment"/>
    <property name="maven.home" value="E:\Program Files\JetBrains\IntelliJ IDEA Community Edition 2017.1.4\plugins\maven\lib\maven3"/>
    <property name="file.separator" value="\"/>
    <property name="java.vendor.url.bug" value="http://bugreport.sun.com/bugreport/"/>
    <property name="sun.cpu.endian" value="little"/>
    <property name="sun.io.unicode.encoding" value="UnicodeLittle"/>
    <property name="sun.desktop" value="windows"/>
    <property name="sun.cpu.isalist" value="amd64"/>
  </properties>
  <testcase name="Когда курсор переместили на элемент &quot;Застраховать себя&quot;" classname="Сценарий: Проверка заполнения всех полей" time="0.001"/>
  <testcase name="И дождались элемента &quot;Страхование путешественников&quot;" classname="Сценарий: Проверка заполнения всех полей" time="0"/>
  <testcase name="Тогда нажимаем на элемент &quot;Страхование путешественников&quot;" classname="Сценарий: Проверка заполнения всех полей" time="0"/>
  <testcase name="Когда заголовок имеет лик &quot;Страхование путешественников&quot;" classname="Сценарий: Проверка заполнения всех полей" time="0"/>
  <testcase name="Тогда кликаем на элемент &quot;Оформление&quot;" classname="Сценарий: Проверка заполнения всех полей" time="0"/>
  <testcase name="И переключаемся на соседнюю вкладку" classname="Сценарий: Проверка заполнения всех полей" time="0"/>
  <testcase name="Когда страница загрузится с интересующим нас тарифом &quot;Минимальная&quot;" classname="Сценарий: Проверка заполнения всех полей" time="0.001"/>
  <testcase name="Тогда выбираем тариф &quot;Минимальная&quot;" classname="Сценарий: Проверка заполнения всех полей" time="0"/>
  <testcase name="И нажимаем на &quot;Оформить&quot;" classname="Сценарий: Проверка заполнения всех полей" time="0"/>
  <testcase name="Когда заполняются поля:" classname="Сценарий: Проверка заполнения всех полей" time="0"/>
  <testcase name="И выбран пол &quot;женский&quot;" classname="Сценарий: Проверка заполнения всех полей" time="0"/>
  <testcase name="Тогда значения полей равны:" classname="Сценарий: Проверка заполнения всех полей" time="0"/>
  <testcase name="Когда оформляем" classname="Сценарий: Проверка заполнения всех полей" time="0"/>
  <testcase name="Тогда проверяем на наличие ошибки &quot;Заполнены не все обязательные поля&quot;" classname="Сценарий: Проверка заполнения всех полей" time="0"/>
  <testcase name="Сценарий: Проверка заполнения всех полей" classname="Сценарий: Проверка заполнения всех полей" time="1.074"/>
</testsuite>